<?xml version="1.0" encoding="UTF-8"?>
<coverage generated="1764195035190" clover="3.2.0">
  <project timestamp="1764195035190" name="All files">
    <metrics statements="256" coveredstatements="189" conditionals="142" coveredconditionals="96" methods="36" coveredmethods="24" elements="434" coveredelements="309" complexity="0" loc="256" ncloc="256" packages="1" files="1" classes="1"/>
    <file name="event.ts" path="D:\sporthawk_mobile_clone-fix-manage-account-auth\features\event\api\event.ts">
      <metrics statements="256" coveredstatements="189" conditionals="142" coveredconditionals="96" methods="36" coveredmethods="24"/>
      <line num="1" count="11" type="stmt"/>
      <line num="2" count="11" type="stmt"/>
      <line num="4" count="11" type="stmt"/>
      <line num="5" count="11" type="stmt"/>
      <line num="28" count="11" type="stmt"/>
      <line num="35" count="11" type="stmt"/>
      <line num="36" count="133" type="stmt"/>
      <line num="37" count="133" type="stmt"/>
      <line num="44" count="133" type="stmt"/>
      <line num="68" count="133" type="cond" truecount="1" falsecount="0"/>
      <line num="69" count="7" type="stmt"/>
      <line num="70" count="7" type="stmt"/>
      <line num="73" count="126" type="cond" truecount="3" falsecount="0"/>
      <line num="74" count="8" type="stmt"/>
      <line num="83" count="3" type="stmt"/>
      <line num="87" count="3" type="cond" truecount="0" falsecount="1"/>
      <line num="88" count="0" type="stmt"/>
      <line num="94" count="8" type="stmt"/>
      <line num="102" count="3" type="stmt"/>
      <line num="106" count="3" type="cond" truecount="0" falsecount="1"/>
      <line num="107" count="0" type="stmt"/>
      <line num="114" count="126" type="cond" truecount="3" falsecount="0"/>
      <line num="115" count="2" type="stmt"/>
      <line num="123" count="2" type="stmt"/>
      <line num="127" count="2" type="cond" truecount="0" falsecount="1"/>
      <line num="128" count="0" type="stmt"/>
      <line num="131" count="2" type="stmt"/>
      <line num="139" count="2" type="stmt"/>
      <line num="143" count="2" type="cond" truecount="0" falsecount="1"/>
      <line num="144" count="0" type="stmt"/>
      <line num="151" count="126" type="stmt"/>
      <line num="154" count="126" type="stmt"/>
      <line num="156" count="7" type="stmt"/>
      <line num="157" count="7" type="stmt"/>
      <line num="162" count="11" type="stmt"/>
      <line num="165" count="11" type="stmt"/>
      <line num="166" count="11" type="stmt"/>
      <line num="167" count="11" type="stmt"/>
      <line num="174" count="11" type="cond" truecount="1" falsecount="0"/>
      <line num="175" count="3" type="stmt"/>
      <line num="176" count="3" type="stmt"/>
      <line num="179" count="8" type="stmt"/>
      <line num="184" count="8" type="stmt"/>
      <line num="189" count="8" type="cond" truecount="1" falsecount="0"/>
      <line num="190" count="1" type="stmt"/>
      <line num="191" count="1" type="stmt"/>
      <line num="193" count="7" type="cond" truecount="0" falsecount="1"/>
      <line num="194" count="0" type="stmt"/>
      <line num="195" count="0" type="stmt"/>
      <line num="197" count="78" type="cond" truecount="1" falsecount="1"/>
      <line num="198" count="7" type="cond" truecount="1" falsecount="1"/>
      <line num="200" count="7" type="cond" truecount="1" falsecount="0"/>
      <line num="201" count="1" type="stmt"/>
      <line num="203" count="2" type="cond" truecount="1" falsecount="1"/>
      <line num="207" count="7" type="stmt"/>
      <line num="209" count="4" type="stmt"/>
      <line num="210" count="4" type="stmt"/>
      <line num="215" count="11" type="stmt"/>
      <line num="216" count="10" type="stmt"/>
      <line num="217" count="10" type="stmt"/>
      <line num="218" count="10" type="stmt"/>
      <line num="230" count="10" type="cond" truecount="1" falsecount="0"/>
      <line num="231" count="8" type="cond" truecount="1" falsecount="1"/>
      <line num="233" count="2" type="stmt"/>
      <line num="234" count="2" type="stmt"/>
      <line num="239" count="11" type="stmt"/>
      <line num="242" count="30" type="stmt"/>
      <line num="243" count="30" type="cond" truecount="1" falsecount="0"/>
      <line num="244" count="28" type="stmt"/>
      <line num="245" count="28" type="cond" truecount="1" falsecount="0"/>
      <line num="246" count="28" type="cond" truecount="1" falsecount="0"/>
      <line num="247" count="1" type="stmt"/>
      <line num="254" count="28" type="cond" truecount="1" falsecount="0"/>
      <line num="255" count="1" type="stmt"/>
      <line num="260" count="28" type="cond" truecount="1" falsecount="0"/>
      <line num="261" count="1" type="stmt"/>
      <line num="263" count="28" type="stmt"/>
      <line num="264" count="28" type="cond" truecount="2" falsecount="0"/>
      <line num="268" count="4" type="stmt"/>
      <line num="272" count="24" type="cond" truecount="2" falsecount="0"/>
      <line num="273" count="20" type="stmt"/>
      <line num="274" count="4" type="cond" truecount="1" falsecount="0"/>
      <line num="275" count="3" type="cond" truecount="2" falsecount="0"/>
      <line num="278" count="28" type="stmt"/>
      <line num="295" count="28" type="stmt"/>
      <line num="296" count="392" type="cond" truecount="3" falsecount="0"/>
      <line num="297" count="233" type="stmt"/>
      <line num="301" count="28" type="stmt"/>
      <line num="308" count="28" type="stmt"/>
      <line num="310" count="28" type="stmt"/>
      <line num="315" count="28" type="stmt"/>
      <line num="317" count="28" type="stmt"/>
      <line num="325" count="28" type="stmt"/>
      <line num="329" count="28" type="stmt"/>
      <line num="335" count="28" type="cond" truecount="1" falsecount="0"/>
      <line num="336" count="3" type="stmt"/>
      <line num="337" count="3" type="stmt"/>
      <line num="340" count="25" type="cond" truecount="0" falsecount="1"/>
      <line num="341" count="0" type="stmt"/>
      <line num="342" count="0" type="stmt"/>
      <line num="345" count="25" type="cond" truecount="1" falsecount="0"/>
      <line num="346" count="8" type="stmt"/>
      <line num="347" count="8" type="stmt"/>
      <line num="350" count="17" type="cond" truecount="0" falsecount="1"/>
      <line num="351" count="0" type="stmt"/>
      <line num="352" count="0" type="stmt"/>
      <line num="355" count="17" type="cond" truecount="0" falsecount="1"/>
      <line num="356" count="0" type="stmt"/>
      <line num="357" count="0" type="stmt"/>
      <line num="360" count="17" type="stmt"/>
      <line num="364" count="11" type="stmt"/>
      <line num="367" count="0" type="stmt"/>
      <line num="368" count="0" type="stmt"/>
      <line num="369" count="0" type="stmt"/>
      <line num="390" count="0" type="stmt"/>
      <line num="395" count="0" type="cond" truecount="0" falsecount="2"/>
      <line num="396" count="0" type="cond" truecount="0" falsecount="1"/>
      <line num="398" count="0" type="stmt"/>
      <line num="403" count="0" type="stmt"/>
      <line num="405" count="0" type="stmt"/>
      <line num="406" count="0" type="stmt"/>
      <line num="411" count="11" type="stmt"/>
      <line num="415" count="0" type="stmt"/>
      <line num="416" count="0" type="stmt"/>
      <line num="438" count="0" type="stmt"/>
      <line num="443" count="0" type="cond" truecount="0" falsecount="2"/>
      <line num="445" count="0" type="cond" truecount="0" falsecount="1"/>
      <line num="447" count="0" type="cond" truecount="0" falsecount="2"/>
      <line num="452" count="0" type="stmt"/>
      <line num="457" count="0" type="stmt"/>
      <line num="458" count="0" type="stmt"/>
      <line num="462" count="11" type="stmt"/>
      <line num="465" count="0" type="stmt"/>
      <line num="466" count="0" type="cond" truecount="0" falsecount="1"/>
      <line num="467" count="0" type="stmt"/>
      <line num="469" count="0" type="stmt"/>
      <line num="490" count="0" type="cond" truecount="0" falsecount="1"/>
      <line num="492" count="0" type="cond" truecount="0" falsecount="2"/>
      <line num="497" count="0" type="stmt"/>
      <line num="499" count="0" type="stmt"/>
      <line num="500" count="0" type="stmt"/>
      <line num="504" count="11" type="stmt"/>
      <line num="507" count="0" type="stmt"/>
      <line num="508" count="0" type="cond" truecount="0" falsecount="1"/>
      <line num="509" count="0" type="stmt"/>
      <line num="511" count="0" type="stmt"/>
      <line num="533" count="0" type="cond" truecount="0" falsecount="1"/>
      <line num="535" count="0" type="cond" truecount="0" falsecount="2"/>
      <line num="540" count="0" type="stmt"/>
      <line num="545" count="0" type="stmt"/>
      <line num="546" count="0" type="stmt"/>
      <line num="551" count="11" type="stmt"/>
      <line num="558" count="12" type="stmt"/>
      <line num="560" count="12" type="cond" truecount="1" falsecount="0"/>
      <line num="561" count="2" type="stmt"/>
      <line num="567" count="2" type="cond" truecount="0" falsecount="1"/>
      <line num="570" count="12" type="cond" truecount="1" falsecount="0"/>
      <line num="571" count="12" type="stmt"/>
      <line num="579" count="10" type="stmt"/>
      <line num="583" count="10" type="cond" truecount="1" falsecount="0"/>
      <line num="586" count="5" type="stmt"/>
      <line num="590" count="11" type="stmt"/>
      <line num="593" count="13" type="stmt"/>
      <line num="594" count="13" type="stmt"/>
      <line num="632" count="13" type="cond" truecount="1" falsecount="0"/>
      <line num="633" count="10" type="cond" truecount="0" falsecount="1"/>
      <line num="635" count="10" type="stmt"/>
      <line num="639" count="3" type="stmt"/>
      <line num="640" count="3" type="stmt"/>
      <line num="645" count="11" type="stmt"/>
      <line num="646" count="13" type="stmt"/>
      <line num="647" count="13" type="stmt"/>
      <line num="648" count="13" type="stmt"/>
      <line num="660" count="13" type="cond" truecount="1" falsecount="0"/>
      <line num="661" count="8" type="cond" truecount="0" falsecount="1"/>
      <line num="663" count="8" type="stmt"/>
      <line num="665" count="5" type="stmt"/>
      <line num="666" count="5" type="stmt"/>
      <line num="671" count="11" type="stmt"/>
      <line num="674" count="12" type="stmt"/>
      <line num="675" count="12" type="stmt"/>
      <line num="676" count="12" type="stmt"/>
      <line num="678" count="12" type="stmt"/>
      <line num="688" count="12" type="cond" truecount="1" falsecount="0"/>
      <line num="689" count="4" type="stmt"/>
      <line num="691" count="8" type="stmt"/>
      <line num="693" count="4" type="stmt"/>
      <line num="694" count="4" type="stmt"/>
      <line num="699" count="11" type="stmt"/>
      <line num="702" count="15" type="stmt"/>
      <line num="703" count="15" type="stmt"/>
      <line num="705" count="15" type="stmt"/>
      <line num="721" count="15" type="cond" truecount="1" falsecount="0"/>
      <line num="722" count="4" type="stmt"/>
      <line num="725" count="11" type="stmt"/>
      <line num="727" count="4" type="stmt"/>
      <line num="728" count="4" type="stmt"/>
      <line num="734" count="11" type="stmt"/>
      <line num="738" count="18" type="stmt"/>
      <line num="739" count="18" type="stmt"/>
      <line num="756" count="18" type="cond" truecount="1" falsecount="0"/>
      <line num="758" count="15" type="stmt"/>
      <line num="775" count="15" type="cond" truecount="1" falsecount="0"/>
      <line num="778" count="9" type="stmt"/>
      <line num="783" count="9" type="stmt"/>
      <line num="784" count="9" type="stmt"/>
      <line num="789" count="11" type="stmt"/>
      <line num="790" count="10" type="stmt"/>
      <line num="799" count="10" type="stmt"/>
      <line num="800" count="10" type="cond" truecount="1" falsecount="0"/>
      <line num="801" count="2" type="stmt"/>
      <line num="804" count="8" type="stmt"/>
      <line num="809" count="8" type="cond" truecount="0" falsecount="1"/>
      <line num="811" count="8" type="cond" truecount="1" falsecount="1"/>
      <line num="813" count="8" type="stmt"/>
      <line num="814" count="8" type="cond" truecount="3" falsecount="0"/>
      <line num="815" count="2" type="stmt"/>
      <line num="821" count="2" type="cond" truecount="0" falsecount="1"/>
      <line num="822" count="2" type="cond" truecount="1" falsecount="1"/>
      <line num="825" count="8" type="stmt"/>
      <line num="826" count="8" type="stmt"/>
      <line num="827" count="8" type="cond" truecount="3" falsecount="0"/>
      <line num="828" count="5" type="stmt"/>
      <line num="829" count="5" type="cond" truecount="1" falsecount="0"/>
      <line num="830" count="4" type="stmt"/>
      <line num="840" count="4" type="stmt"/>
      <line num="845" count="4" type="cond" truecount="1" falsecount="0"/>
      <line num="846" count="2" type="stmt"/>
      <line num="847" count="2" type="stmt"/>
      <line num="851" count="6" type="stmt"/>
      <line num="856" count="6" type="cond" truecount="0" falsecount="1"/>
      <line num="858" count="6" type="cond" truecount="2" falsecount="0"/>
      <line num="860" count="6" type="cond" truecount="2" falsecount="0"/>
      <line num="862" count="6" type="stmt"/>
      <line num="876" count="4" type="stmt"/>
      <line num="877" count="4" type="stmt"/>
      <line num="887" count="11" type="stmt"/>
      <line num="890" count="0" type="stmt"/>
      <line num="891" count="0" type="stmt"/>
      <line num="893" count="0" type="stmt"/>
      <line num="899" count="0" type="cond" truecount="0" falsecount="1"/>
      <line num="900" count="0" type="stmt"/>
      <line num="901" count="0" type="stmt"/>
      <line num="903" count="0" type="stmt"/>
      <line num="904" count="0" type="stmt"/>
      <line num="908" count="11" type="stmt"/>
      <line num="911" count="0" type="stmt"/>
      <line num="912" count="0" type="stmt"/>
      <line num="913" count="0" type="cond" truecount="0" falsecount="1"/>
      <line num="915" count="0" type="stmt"/>
      <line num="920" count="0" type="cond" truecount="0" falsecount="1"/>
      <line num="921" count="0" type="stmt"/>
      <line num="922" count="0" type="stmt"/>
      <line num="924" count="0" type="stmt"/>
      <line num="926" count="0" type="stmt"/>
      <line num="927" count="0" type="stmt"/>
    </file>
  </project>
</coverage>
