{"D:\\sporthawk_mobile_clone-fix-manage-account-auth\\features\\event\\api\\event.ts": {"path":"D:\\sporthawk_mobile_clone-fix-manage-account-auth\\features\\event\\api\\event.ts","statementMap":{"0":{"start":{"line":35,"column":0},"end":{"line":35,"column":7}},"1":{"start":{"line":1,"column":0},"end":{"line":1,"column":41}},"2":{"start":{"line":2,"column":0},"end":{"line":2,"column":43}},"3":{"start":{"line":4,"column":0},"end":{"line":4,"column":65}},"4":{"start":{"line":5,"column":0},"end":{"line":5,"column":65}},"5":{"start":{"line":28,"column":0},"end":{"line":28,"column":null}},"6":{"start":{"line":36,"column":2},"end":{"line":158,"column":3}},"7":{"start":{"line":37,"column":4},"end":{"line":42,"column":7}},"8":{"start":{"line":44,"column":51},"end":{"line":66,"column":15}},"9":{"start":{"line":68,"column":4},"end":{"line":71,"column":5}},"10":{"start":{"line":69,"column":6},"end":{"line":69,"column":67}},"11":{"start":{"line":70,"column":6},"end":{"line":70,"column":23}},"12":{"start":{"line":73,"column":4},"end":{"line":112,"column":5}},"13":{"start":{"line":74,"column":27},"end":{"line":81,"column":9}},"14":{"start":{"line":74,"column":67},"end":{"line":81,"column":8}},"15":{"start":{"line":83,"column":43},"end":{"line":85,"column":29}},"16":{"start":{"line":87,"column":6},"end":{"line":92,"column":7}},"17":{"start":{"line":88,"column":8},"end":{"line":91,"column":10}},"18":{"start":{"line":94,"column":26},"end":{"line":100,"column":9}},"19":{"start":{"line":94,"column":66},"end":{"line":100,"column":8}},"20":{"start":{"line":102,"column":42},"end":{"line":104,"column":28}},"21":{"start":{"line":106,"column":6},"end":{"line":111,"column":7}},"22":{"start":{"line":107,"column":8},"end":{"line":110,"column":10}},"23":{"start":{"line":114,"column":4},"end":{"line":149,"column":5}},"24":{"start":{"line":115,"column":22},"end":{"line":121,"column":9}},"25":{"start":{"line":115,"column":62},"end":{"line":121,"column":8}},"26":{"start":{"line":123,"column":38},"end":{"line":125,"column":24}},"27":{"start":{"line":127,"column":6},"end":{"line":129,"column":7}},"28":{"start":{"line":128,"column":8},"end":{"line":128,"column":71}},"29":{"start":{"line":131,"column":32},"end":{"line":137,"column":9}},"30":{"start":{"line":131,"column":72},"end":{"line":137,"column":8}},"31":{"start":{"line":139,"column":48},"end":{"line":141,"column":34}},"32":{"start":{"line":143,"column":6},"end":{"line":148,"column":7}},"33":{"start":{"line":144,"column":8},"end":{"line":147,"column":10}},"34":{"start":{"line":151,"column":4},"end":{"line":153,"column":7}},"35":{"start":{"line":154,"column":4},"end":{"line":154,"column":24}},"36":{"start":{"line":156,"column":4},"end":{"line":156,"column":62}},"37":{"start":{"line":157,"column":4},"end":{"line":157,"column":16}},"38":{"start":{"line":162,"column":30},"end":{"line":212,"column":1}},"39":{"start":{"line":165,"column":38},"end":{"line":165,"column":45}},"40":{"start":{"line":166,"column":2},"end":{"line":211,"column":3}},"41":{"start":{"line":167,"column":40},"end":{"line":172,"column":39}},"42":{"start":{"line":174,"column":4},"end":{"line":177,"column":5}},"43":{"start":{"line":175,"column":6},"end":{"line":175,"column":42}},"44":{"start":{"line":176,"column":6},"end":{"line":176,"column":18}},"45":{"start":{"line":179,"column":52},"end":{"line":183,"column":36}},"46":{"start":{"line":184,"column":54},"end":{"line":187,"column":28}},"47":{"start":{"line":189,"column":4},"end":{"line":192,"column":5}},"48":{"start":{"line":190,"column":6},"end":{"line":190,"column":54}},"49":{"start":{"line":191,"column":6},"end":{"line":191,"column":22}},"50":{"start":{"line":193,"column":4},"end":{"line":196,"column":5}},"51":{"start":{"line":194,"column":6},"end":{"line":194,"column":56}},"52":{"start":{"line":195,"column":6},"end":{"line":195,"column":24}},"53":{"start":{"line":197,"column":25},"end":{"line":197,"column":63}},"54":{"start":{"line":197,"column":47},"end":{"line":197,"column":56}},"55":{"start":{"line":198,"column":26},"end":{"line":198,"column":64}},"56":{"start":{"line":198,"column":48},"end":{"line":198,"column":57}},"57":{"start":{"line":200,"column":4},"end":{"line":206,"column":5}},"58":{"start":{"line":201,"column":6},"end":{"line":205,"column":8}},"59":{"start":{"line":203,"column":10},"end":{"line":204,"column":44}},"60":{"start":{"line":207,"column":4},"end":{"line":207,"column":22}},"61":{"start":{"line":209,"column":4},"end":{"line":209,"column":52}},"62":{"start":{"line":210,"column":4},"end":{"line":210,"column":16}},"63":{"start":{"line":162,"column":13},"end":{"line":162,"column":30}},"64":{"start":{"line":215,"column":29},"end":{"line":236,"column":1}},"65":{"start":{"line":216,"column":2},"end":{"line":235,"column":3}},"66":{"start":{"line":217,"column":24},"end":{"line":217,"column":31}},"67":{"start":{"line":218,"column":28},"end":{"line":229,"column":30}},"68":{"start":{"line":230,"column":4},"end":{"line":230,"column":27}},"69":{"start":{"line":230,"column":15},"end":{"line":230,"column":27}},"70":{"start":{"line":231,"column":4},"end":{"line":231,"column":22}},"71":{"start":{"line":233,"column":4},"end":{"line":233,"column":57}},"72":{"start":{"line":234,"column":4},"end":{"line":234,"column":16}},"73":{"start":{"line":215,"column":13},"end":{"line":215,"column":29}},"74":{"start":{"line":239,"column":31},"end":{"line":361,"column":1}},"75":{"start":{"line":242,"column":64},"end":{"line":242,"column":75}},"76":{"start":{"line":243,"column":2},"end":{"line":243,"column":55}},"77":{"start":{"line":243,"column":16},"end":{"line":243,"column":55}},"78":{"start":{"line":244,"column":31},"end":{"line":244,"column":33}},"79":{"start":{"line":245,"column":2},"end":{"line":245,"column":76}},"80":{"start":{"line":245,"column":25},"end":{"line":245,"column":76}},"81":{"start":{"line":246,"column":2},"end":{"line":252,"column":6}},"82":{"start":{"line":247,"column":4},"end":{"line":252,"column":6}},"83":{"start":{"line":254,"column":2},"end":{"line":259,"column":6}},"84":{"start":{"line":255,"column":4},"end":{"line":259,"column":6}},"85":{"start":{"line":260,"column":2},"end":{"line":261,"column":60}},"86":{"start":{"line":261,"column":4},"end":{"line":261,"column":60}},"87":{"start":{"line":263,"column":14},"end":{"line":263,"column":16}},"88":{"start":{"line":264,"column":2},"end":{"line":276,"column":3}},"89":{"start":{"line":268,"column":4},"end":{"line":271,"column":68}},"90":{"start":{"line":272,"column":9},"end":{"line":276,"column":3}},"91":{"start":{"line":273,"column":4},"end":{"line":273,"column":23}},"92":{"start":{"line":274,"column":9},"end":{"line":276,"column":3}},"93":{"start":{"line":275,"column":4},"end":{"line":275,"column":43}},"94":{"start":{"line":278,"column":39},"end":{"line":293,"column":4}},"95":{"start":{"line":295,"column":2},"end":{"line":299,"column":5}},"96":{"start":{"line":296,"column":4},"end":{"line":298,"column":5}},"97":{"start":{"line":297,"column":6},"end":{"line":297,"column":26}},"98":{"start":{"line":301,"column":26},"end":{"line":306,"column":13}},"99":{"start":{"line":308,"column":17},"end":{"line":308,"column":26}},"100":{"start":{"line":310,"column":57},"end":{"line":313,"column":28}},"101":{"start":{"line":315,"column":20},"end":{"line":315,"column":44}},"102":{"start":{"line":317,"column":24},"end":{"line":323,"column":5}},"103":{"start":{"line":317,"column":48},"end":{"line":323,"column":4}},"104":{"start":{"line":325,"column":57},"end":{"line":327,"column":26}},"105":{"start":{"line":329,"column":57},"end":{"line":333,"column":28}},"106":{"start":{"line":335,"column":2},"end":{"line":338,"column":3}},"107":{"start":{"line":336,"column":4},"end":{"line":336,"column":61}},"108":{"start":{"line":337,"column":4},"end":{"line":337,"column":22}},"109":{"start":{"line":340,"column":2},"end":{"line":343,"column":3}},"110":{"start":{"line":341,"column":4},"end":{"line":341,"column":61}},"111":{"start":{"line":342,"column":4},"end":{"line":342,"column":22}},"112":{"start":{"line":345,"column":2},"end":{"line":348,"column":3}},"113":{"start":{"line":346,"column":4},"end":{"line":346,"column":49}},"114":{"start":{"line":347,"column":4},"end":{"line":347,"column":16}},"115":{"start":{"line":350,"column":2},"end":{"line":353,"column":3}},"116":{"start":{"line":351,"column":4},"end":{"line":351,"column":61}},"117":{"start":{"line":352,"column":4},"end":{"line":352,"column":22}},"118":{"start":{"line":355,"column":2},"end":{"line":358,"column":3}},"119":{"start":{"line":356,"column":4},"end":{"line":356,"column":49}},"120":{"start":{"line":357,"column":4},"end":{"line":357,"column":16}},"121":{"start":{"line":360,"column":2},"end":{"line":360,"column":14}},"122":{"start":{"line":239,"column":13},"end":{"line":239,"column":31}},"123":{"start":{"line":364,"column":36},"end":{"line":408,"column":1}},"124":{"start":{"line":367,"column":2},"end":{"line":407,"column":3}},"125":{"start":{"line":368,"column":32},"end":{"line":368,"column":39}},"126":{"start":{"line":369,"column":44},"end":{"line":388,"column":37}},"127":{"start":{"line":390,"column":40},"end":{"line":393,"column":30}},"128":{"start":{"line":395,"column":20},"end":{"line":395,"column":70}},"129":{"start":{"line":395,"column":51},"end":{"line":395,"column":63}},"130":{"start":{"line":396,"column":4},"end":{"line":396,"column":27}},"131":{"start":{"line":396,"column":15},"end":{"line":396,"column":27}},"132":{"start":{"line":398,"column":31},"end":{"line":401,"column":7}},"133":{"start":{"line":398,"column":61},"end":{"line":401,"column":6}},"134":{"start":{"line":403,"column":4},"end":{"line":403,"column":55}},"135":{"start":{"line":405,"column":4},"end":{"line":405,"column":58}},"136":{"start":{"line":406,"column":4},"end":{"line":406,"column":16}},"137":{"start":{"line":364,"column":13},"end":{"line":364,"column":36}},"138":{"start":{"line":411,"column":35},"end":{"line":460,"column":1}},"139":{"start":{"line":415,"column":2},"end":{"line":459,"column":3}},"140":{"start":{"line":416,"column":43},"end":{"line":436,"column":37}},"141":{"start":{"line":438,"column":40},"end":{"line":441,"column":30}},"142":{"start":{"line":443,"column":20},"end":{"line":443,"column":70}},"143":{"start":{"line":443,"column":51},"end":{"line":443,"column":63}},"144":{"start":{"line":445,"column":4},"end":{"line":445,"column":27}},"145":{"start":{"line":445,"column":15},"end":{"line":445,"column":27}},"146":{"start":{"line":447,"column":31},"end":{"line":450,"column":7}},"147":{"start":{"line":447,"column":67},"end":{"line":450,"column":6}},"148":{"start":{"line":452,"column":4},"end":{"line":455,"column":6}},"149":{"start":{"line":457,"column":4},"end":{"line":457,"column":58}},"150":{"start":{"line":458,"column":4},"end":{"line":458,"column":16}},"151":{"start":{"line":411,"column":13},"end":{"line":411,"column":35}},"152":{"start":{"line":462,"column":40},"end":{"line":502,"column":1}},"153":{"start":{"line":465,"column":2},"end":{"line":501,"column":3}},"154":{"start":{"line":466,"column":4},"end":{"line":468,"column":5}},"155":{"start":{"line":467,"column":6},"end":{"line":467,"column":45}},"156":{"start":{"line":469,"column":44},"end":{"line":488,"column":37}},"157":{"start":{"line":490,"column":4},"end":{"line":490,"column":27}},"158":{"start":{"line":490,"column":15},"end":{"line":490,"column":27}},"159":{"start":{"line":492,"column":31},"end":{"line":495,"column":7}},"160":{"start":{"line":492,"column":69},"end":{"line":495,"column":6}},"161":{"start":{"line":497,"column":4},"end":{"line":497,"column":59}},"162":{"start":{"line":499,"column":4},"end":{"line":499,"column":62}},"163":{"start":{"line":500,"column":4},"end":{"line":500,"column":16}},"164":{"start":{"line":462,"column":13},"end":{"line":462,"column":40}},"165":{"start":{"line":504,"column":40},"end":{"line":548,"column":1}},"166":{"start":{"line":507,"column":2},"end":{"line":547,"column":3}},"167":{"start":{"line":508,"column":4},"end":{"line":510,"column":5}},"168":{"start":{"line":509,"column":6},"end":{"line":509,"column":45}},"169":{"start":{"line":511,"column":43},"end":{"line":531,"column":37}},"170":{"start":{"line":533,"column":4},"end":{"line":533,"column":27}},"171":{"start":{"line":533,"column":15},"end":{"line":533,"column":27}},"172":{"start":{"line":535,"column":31},"end":{"line":538,"column":7}},"173":{"start":{"line":535,"column":67},"end":{"line":538,"column":6}},"174":{"start":{"line":540,"column":4},"end":{"line":543,"column":6}},"175":{"start":{"line":545,"column":4},"end":{"line":545,"column":63}},"176":{"start":{"line":546,"column":4},"end":{"line":546,"column":16}},"177":{"start":{"line":504,"column":13},"end":{"line":504,"column":40}},"178":{"start":{"line":551,"column":33},"end":{"line":587,"column":1}},"179":{"start":{"line":558,"column":6},"end":{"line":558,"column":11}},"180":{"start":{"line":560,"column":2},"end":{"line":568,"column":3}},"181":{"start":{"line":561,"column":35},"end":{"line":565,"column":36}},"182":{"start":{"line":567,"column":4},"end":{"line":567,"column":39}},"183":{"start":{"line":567,"column":21},"end":{"line":567,"column":39}},"184":{"start":{"line":570,"column":2},"end":{"line":584,"column":3}},"185":{"start":{"line":571,"column":24},"end":{"line":577,"column":7}},"186":{"start":{"line":571,"column":52},"end":{"line":577,"column":6}},"187":{"start":{"line":579,"column":35},"end":{"line":581,"column":26}},"188":{"start":{"line":583,"column":4},"end":{"line":583,"column":39}},"189":{"start":{"line":583,"column":21},"end":{"line":583,"column":39}},"190":{"start":{"line":586,"column":2},"end":{"line":586,"column":27}},"191":{"start":{"line":551,"column":13},"end":{"line":551,"column":33}},"192":{"start":{"line":590,"column":28},"end":{"line":642,"column":1}},"193":{"start":{"line":593,"column":2},"end":{"line":641,"column":3}},"194":{"start":{"line":594,"column":43},"end":{"line":630,"column":37}},"195":{"start":{"line":632,"column":4},"end":{"line":632,"column":27}},"196":{"start":{"line":632,"column":15},"end":{"line":632,"column":27}},"197":{"start":{"line":633,"column":4},"end":{"line":633,"column":59}},"198":{"start":{"line":633,"column":24},"end":{"line":633,"column":59}},"199":{"start":{"line":635,"column":4},"end":{"line":637,"column":6}},"200":{"start":{"line":639,"column":4},"end":{"line":639,"column":50}},"201":{"start":{"line":640,"column":4},"end":{"line":640,"column":16}},"202":{"start":{"line":590,"column":13},"end":{"line":590,"column":28}},"203":{"start":{"line":645,"column":27},"end":{"line":668,"column":1}},"204":{"start":{"line":646,"column":2},"end":{"line":667,"column":3}},"205":{"start":{"line":647,"column":19},"end":{"line":647,"column":48}},"206":{"start":{"line":648,"column":28},"end":{"line":658,"column":15}},"207":{"start":{"line":660,"column":4},"end":{"line":660,"column":27}},"208":{"start":{"line":660,"column":15},"end":{"line":660,"column":27}},"209":{"start":{"line":661,"column":4},"end":{"line":661,"column":50}},"210":{"start":{"line":661,"column":15},"end":{"line":661,"column":50}},"211":{"start":{"line":663,"column":4},"end":{"line":663,"column":16}},"212":{"start":{"line":665,"column":4},"end":{"line":665,"column":49}},"213":{"start":{"line":666,"column":4},"end":{"line":666,"column":16}},"214":{"start":{"line":645,"column":13},"end":{"line":645,"column":27}},"215":{"start":{"line":671,"column":52},"end":{"line":696,"column":1}},"216":{"start":{"line":674,"column":2},"end":{"line":695,"column":3}},"217":{"start":{"line":675,"column":63},"end":{"line":675,"column":70}},"218":{"start":{"line":676,"column":19},"end":{"line":676,"column":54}},"219":{"start":{"line":678,"column":6},"end":{"line":686,"column":36}},"220":{"start":{"line":688,"column":4},"end":{"line":690,"column":5}},"221":{"start":{"line":689,"column":6},"end":{"line":689,"column":35}},"222":{"start":{"line":691,"column":4},"end":{"line":691,"column":33}},"223":{"start":{"line":693,"column":4},"end":{"line":693,"column":55}},"224":{"start":{"line":694,"column":4},"end":{"line":694,"column":16}},"225":{"start":{"line":671,"column":13},"end":{"line":671,"column":52}},"226":{"start":{"line":699,"column":41},"end":{"line":730,"column":1}},"227":{"start":{"line":702,"column":2},"end":{"line":729,"column":3}},"228":{"start":{"line":703,"column":32},"end":{"line":703,"column":39}},"229":{"start":{"line":705,"column":6},"end":{"line":719,"column":22}},"230":{"start":{"line":721,"column":4},"end":{"line":723,"column":5}},"231":{"start":{"line":722,"column":6},"end":{"line":722,"column":35}},"232":{"start":{"line":725,"column":4},"end":{"line":725,"column":33}},"233":{"start":{"line":727,"column":4},"end":{"line":727,"column":63}},"234":{"start":{"line":728,"column":4},"end":{"line":728,"column":16}},"235":{"start":{"line":699,"column":13},"end":{"line":699,"column":41}},"236":{"start":{"line":734,"column":36},"end":{"line":786,"column":1}},"237":{"start":{"line":738,"column":2},"end":{"line":785,"column":3}},"238":{"start":{"line":739,"column":61},"end":{"line":754,"column":36}},"239":{"start":{"line":756,"column":4},"end":{"line":756,"column":47}},"240":{"start":{"line":756,"column":25},"end":{"line":756,"column":47}},"241":{"start":{"line":758,"column":57},"end":{"line":773,"column":39}},"242":{"start":{"line":775,"column":4},"end":{"line":775,"column":43}},"243":{"start":{"line":775,"column":23},"end":{"line":775,"column":43}},"244":{"start":{"line":778,"column":4},"end":{"line":781,"column":6}},"245":{"start":{"line":783,"column":4},"end":{"line":783,"column":61}},"246":{"start":{"line":784,"column":4},"end":{"line":784,"column":16}},"247":{"start":{"line":734,"column":13},"end":{"line":734,"column":36}},"248":{"start":{"line":789,"column":35},"end":{"line":879,"column":1}},"249":{"start":{"line":790,"column":2},"end":{"line":878,"column":3}},"250":{"start":{"line":799,"column":8},"end":{"line":799,"column":15}},"251":{"start":{"line":800,"column":4},"end":{"line":802,"column":5}},"252":{"start":{"line":801,"column":6},"end":{"line":801,"column":45}},"253":{"start":{"line":804,"column":58},"end":{"line":807,"column":30}},"254":{"start":{"line":809,"column":4},"end":{"line":809,"column":41}},"255":{"start":{"line":809,"column":22},"end":{"line":809,"column":41}},"256":{"start":{"line":811,"column":23},"end":{"line":811,"column":64}},"257":{"start":{"line":811,"column":48},"end":{"line":811,"column":57}},"258":{"start":{"line":813,"column":23},"end":{"line":813,"column":24}},"259":{"start":{"line":814,"column":4},"end":{"line":823,"column":5}},"260":{"start":{"line":815,"column":44},"end":{"line":819,"column":36}},"261":{"start":{"line":821,"column":6},"end":{"line":821,"column":41}},"262":{"start":{"line":821,"column":23},"end":{"line":821,"column":41}},"263":{"start":{"line":822,"column":6},"end":{"line":822,"column":32}},"264":{"start":{"line":825,"column":30},"end":{"line":825,"column":32}},"265":{"start":{"line":826,"column":21},"end":{"line":826,"column":22}},"266":{"start":{"line":827,"column":4},"end":{"line":849,"column":5}},"267":{"start":{"line":828,"column":21},"end":{"line":828,"column":69}},"268":{"start":{"line":828,"column":44},"end":{"line":828,"column":68}},"269":{"start":{"line":829,"column":6},"end":{"line":848,"column":7}},"270":{"start":{"line":830,"column":29},"end":{"line":838,"column":11}},"271":{"start":{"line":830,"column":51},"end":{"line":838,"column":10}},"272":{"start":{"line":840,"column":62},"end":{"line":843,"column":19}},"273":{"start":{"line":845,"column":8},"end":{"line":845,"column":43}},"274":{"start":{"line":845,"column":25},"end":{"line":845,"column":43}},"275":{"start":{"line":846,"column":8},"end":{"line":846,"column":39}},"276":{"start":{"line":847,"column":8},"end":{"line":847,"column":44}},"277":{"start":{"line":851,"column":54},"end":{"line":854,"column":30}},"278":{"start":{"line":856,"column":4},"end":{"line":856,"column":37}},"279":{"start":{"line":856,"column":20},"end":{"line":856,"column":37}},"280":{"start":{"line":858,"column":23},"end":{"line":858,"column":48}},"281":{"start":{"line":860,"column":22},"end":{"line":860,"column":56}},"282":{"start":{"line":862,"column":4},"end":{"line":874,"column":6}},"283":{"start":{"line":876,"column":4},"end":{"line":876,"column":60}},"284":{"start":{"line":877,"column":4},"end":{"line":877,"column":16}},"285":{"start":{"line":789,"column":13},"end":{"line":789,"column":35}},"286":{"start":{"line":887,"column":51},"end":{"line":905,"column":1}},"287":{"start":{"line":890,"column":44},"end":{"line":890,"column":51}},"288":{"start":{"line":891,"column":17},"end":{"line":891,"column":52}},"289":{"start":{"line":893,"column":26},"end":{"line":897,"column":13}},"290":{"start":{"line":899,"column":2},"end":{"line":902,"column":3}},"291":{"start":{"line":900,"column":4},"end":{"line":900,"column":42}},"292":{"start":{"line":901,"column":4},"end":{"line":901,"column":16}},"293":{"start":{"line":903,"column":2},"end":{"line":903,"column":38}},"294":{"start":{"line":904,"column":2},"end":{"line":904,"column":29}},"295":{"start":{"line":887,"column":13},"end":{"line":887,"column":51}},"296":{"start":{"line":908,"column":38},"end":{"line":929,"column":1}},"297":{"start":{"line":911,"column":2},"end":{"line":928,"column":3}},"298":{"start":{"line":912,"column":40},"end":{"line":912,"column":47}},"299":{"start":{"line":913,"column":4},"end":{"line":913,"column":79}},"300":{"start":{"line":913,"column":18},"end":{"line":913,"column":79}},"301":{"start":{"line":915,"column":28},"end":{"line":918,"column":30}},"302":{"start":{"line":920,"column":4},"end":{"line":923,"column":5}},"303":{"start":{"line":921,"column":6},"end":{"line":921,"column":57}},"304":{"start":{"line":922,"column":6},"end":{"line":922,"column":18}},"305":{"start":{"line":924,"column":4},"end":{"line":924,"column":29}},"306":{"start":{"line":926,"column":4},"end":{"line":926,"column":68}},"307":{"start":{"line":927,"column":4},"end":{"line":927,"column":16}},"308":{"start":{"line":908,"column":13},"end":{"line":908,"column":38}}},"fnMap":{"0":{"name":"createEvent","decl":{"start":{"line":35,"column":22},"end":{"line":35,"column":33}},"loc":{"start":{"line":35,"column":71},"end":{"line":159,"column":1}}},"1":{"name":"(anonymous_1)","decl":{"start":{"line":74,"column":53},"end":{"line":74,"column":62}},"loc":{"start":{"line":74,"column":67},"end":{"line":81,"column":8}}},"2":{"name":"(anonymous_2)","decl":{"start":{"line":94,"column":52},"end":{"line":94,"column":61}},"loc":{"start":{"line":94,"column":66},"end":{"line":100,"column":8}}},"3":{"name":"(anonymous_3)","decl":{"start":{"line":115,"column":48},"end":{"line":115,"column":57}},"loc":{"start":{"line":115,"column":62},"end":{"line":121,"column":8}}},"4":{"name":"(anonymous_4)","decl":{"start":{"line":131,"column":58},"end":{"line":131,"column":67}},"loc":{"start":{"line":131,"column":72},"end":{"line":137,"column":8}}},"5":{"name":"(anonymous_5)","decl":{"start":{"line":162,"column":30},"end":{"line":162,"column":35}},"loc":{"start":{"line":164,"column":30},"end":{"line":212,"column":1}}},"6":{"name":"(anonymous_6)","decl":{"start":{"line":197,"column":42},"end":{"line":197,"column":43}},"loc":{"start":{"line":197,"column":47},"end":{"line":197,"column":56}}},"7":{"name":"(anonymous_7)","decl":{"start":{"line":198,"column":43},"end":{"line":198,"column":44}},"loc":{"start":{"line":198,"column":48},"end":{"line":198,"column":57}}},"8":{"name":"(anonymous_8)","decl":{"start":{"line":202,"column":8},"end":{"line":202,"column":11}},"loc":{"start":{"line":203,"column":10},"end":{"line":204,"column":44}}},"9":{"name":"(anonymous_9)","decl":{"start":{"line":215,"column":29},"end":{"line":215,"column":34}},"loc":{"start":{"line":215,"column":63},"end":{"line":236,"column":1}}},"10":{"name":"(anonymous_10)","decl":{"start":{"line":239,"column":31},"end":{"line":239,"column":36}},"loc":{"start":{"line":241,"column":18},"end":{"line":361,"column":1}}},"11":{"name":"(anonymous_11)","decl":{"start":{"line":295,"column":31},"end":{"line":295,"column":34}},"loc":{"start":{"line":295,"column":37},"end":{"line":299,"column":3}}},"12":{"name":"(anonymous_12)","decl":{"start":{"line":317,"column":37},"end":{"line":317,"column":43}},"loc":{"start":{"line":317,"column":48},"end":{"line":323,"column":4}}},"13":{"name":"(anonymous_13)","decl":{"start":{"line":364,"column":36},"end":{"line":364,"column":41}},"loc":{"start":{"line":366,"column":63},"end":{"line":408,"column":1}}},"14":{"name":"(anonymous_14)","decl":{"start":{"line":395,"column":43},"end":{"line":395,"column":47}},"loc":{"start":{"line":395,"column":51},"end":{"line":395,"column":63}}},"15":{"name":"(anonymous_15)","decl":{"start":{"line":398,"column":50},"end":{"line":398,"column":56}},"loc":{"start":{"line":398,"column":61},"end":{"line":401,"column":6}}},"16":{"name":"(anonymous_16)","decl":{"start":{"line":411,"column":35},"end":{"line":411,"column":40}},"loc":{"start":{"line":414,"column":63},"end":{"line":460,"column":1}}},"17":{"name":"(anonymous_17)","decl":{"start":{"line":443,"column":43},"end":{"line":443,"column":47}},"loc":{"start":{"line":443,"column":51},"end":{"line":443,"column":63}}},"18":{"name":"(anonymous_18)","decl":{"start":{"line":447,"column":57},"end":{"line":447,"column":62}},"loc":{"start":{"line":447,"column":67},"end":{"line":450,"column":6}}},"19":{"name":"(anonymous_19)","decl":{"start":{"line":462,"column":40},"end":{"line":462,"column":45}},"loc":{"start":{"line":464,"column":63},"end":{"line":502,"column":1}}},"20":{"name":"(anonymous_20)","decl":{"start":{"line":492,"column":58},"end":{"line":492,"column":64}},"loc":{"start":{"line":492,"column":69},"end":{"line":495,"column":6}}},"21":{"name":"(anonymous_21)","decl":{"start":{"line":504,"column":40},"end":{"line":504,"column":45}},"loc":{"start":{"line":506,"column":63},"end":{"line":548,"column":1}}},"22":{"name":"(anonymous_22)","decl":{"start":{"line":535,"column":57},"end":{"line":535,"column":62}},"loc":{"start":{"line":535,"column":67},"end":{"line":538,"column":6}}},"23":{"name":"(anonymous_23)","decl":{"start":{"line":551,"column":33},"end":{"line":551,"column":38}},"loc":{"start":{"line":551,"column":66},"end":{"line":587,"column":1}}},"24":{"name":"(anonymous_24)","decl":{"start":{"line":571,"column":41},"end":{"line":571,"column":47}},"loc":{"start":{"line":571,"column":52},"end":{"line":577,"column":6}}},"25":{"name":"(anonymous_25)","decl":{"start":{"line":590,"column":28},"end":{"line":590,"column":33}},"loc":{"start":{"line":592,"column":47},"end":{"line":642,"column":1}}},"26":{"name":"(anonymous_26)","decl":{"start":{"line":645,"column":27},"end":{"line":645,"column":32}},"loc":{"start":{"line":645,"column":62},"end":{"line":668,"column":1}}},"27":{"name":"(anonymous_27)","decl":{"start":{"line":671,"column":52},"end":{"line":671,"column":57}},"loc":{"start":{"line":673,"column":4},"end":{"line":696,"column":1}}},"28":{"name":"(anonymous_28)","decl":{"start":{"line":699,"column":41},"end":{"line":699,"column":46}},"loc":{"start":{"line":701,"column":4},"end":{"line":730,"column":1}}},"29":{"name":"(anonymous_29)","decl":{"start":{"line":734,"column":36},"end":{"line":734,"column":41}},"loc":{"start":{"line":737,"column":36},"end":{"line":786,"column":1}}},"30":{"name":"(anonymous_30)","decl":{"start":{"line":789,"column":35},"end":{"line":789,"column":40}},"loc":{"start":{"line":789,"column":75},"end":{"line":879,"column":1}}},"31":{"name":"(anonymous_31)","decl":{"start":{"line":811,"column":43},"end":{"line":811,"column":44}},"loc":{"start":{"line":811,"column":48},"end":{"line":811,"column":57}}},"32":{"name":"(anonymous_32)","decl":{"start":{"line":828,"column":38},"end":{"line":828,"column":40}},"loc":{"start":{"line":828,"column":44},"end":{"line":828,"column":68}}},"33":{"name":"(anonymous_33)","decl":{"start":{"line":830,"column":40},"end":{"line":830,"column":46}},"loc":{"start":{"line":830,"column":51},"end":{"line":838,"column":10}}},"34":{"name":"(anonymous_34)","decl":{"start":{"line":887,"column":51},"end":{"line":887,"column":56}},"loc":{"start":{"line":889,"column":20},"end":{"line":905,"column":1}}},"35":{"name":"(anonymous_35)","decl":{"start":{"line":908,"column":38},"end":{"line":908,"column":43}},"loc":{"start":{"line":910,"column":4},"end":{"line":929,"column":1}}}},"branchMap":{"0":{"loc":{"start":{"line":68,"column":4},"end":{"line":71,"column":5}},"type":"if","locations":[{"start":{"line":68,"column":4},"end":{"line":71,"column":5}}]},"1":{"loc":{"start":{"line":73,"column":4},"end":{"line":112,"column":5}},"type":"if","locations":[{"start":{"line":73,"column":4},"end":{"line":112,"column":5}}]},"2":{"loc":{"start":{"line":73,"column":8},"end":{"line":73,"column":65}},"type":"binary-expr","locations":[{"start":{"line":73,"column":8},"end":{"line":73,"column":29}},{"start":{"line":73,"column":33},"end":{"line":73,"column":65}}]},"3":{"loc":{"start":{"line":80,"column":15},"end":{"line":80,"column":45}},"type":"binary-expr","locations":[{"start":{"line":80,"column":15},"end":{"line":80,"column":37}},{"start":{"line":80,"column":41},"end":{"line":80,"column":45}}]},"4":{"loc":{"start":{"line":87,"column":6},"end":{"line":92,"column":7}},"type":"if","locations":[{"start":{"line":87,"column":6},"end":{"line":92,"column":7}}]},"5":{"loc":{"start":{"line":106,"column":6},"end":{"line":111,"column":7}},"type":"if","locations":[{"start":{"line":106,"column":6},"end":{"line":111,"column":7}}]},"6":{"loc":{"start":{"line":114,"column":4},"end":{"line":149,"column":5}},"type":"if","locations":[{"start":{"line":114,"column":4},"end":{"line":149,"column":5}}]},"7":{"loc":{"start":{"line":114,"column":8},"end":{"line":114,"column":65}},"type":"binary-expr","locations":[{"start":{"line":114,"column":8},"end":{"line":114,"column":29}},{"start":{"line":114,"column":33},"end":{"line":114,"column":65}}]},"8":{"loc":{"start":{"line":127,"column":6},"end":{"line":129,"column":7}},"type":"if","locations":[{"start":{"line":127,"column":6},"end":{"line":129,"column":7}}]},"9":{"loc":{"start":{"line":143,"column":6},"end":{"line":148,"column":7}},"type":"if","locations":[{"start":{"line":143,"column":6},"end":{"line":148,"column":7}}]},"10":{"loc":{"start":{"line":174,"column":4},"end":{"line":177,"column":5}},"type":"if","locations":[{"start":{"line":174,"column":4},"end":{"line":177,"column":5}}]},"11":{"loc":{"start":{"line":189,"column":4},"end":{"line":192,"column":5}},"type":"if","locations":[{"start":{"line":189,"column":4},"end":{"line":192,"column":5}}]},"12":{"loc":{"start":{"line":193,"column":4},"end":{"line":196,"column":5}},"type":"if","locations":[{"start":{"line":193,"column":4},"end":{"line":196,"column":5}}]},"13":{"loc":{"start":{"line":197,"column":25},"end":{"line":197,"column":63}},"type":"binary-expr","locations":[{"start":{"line":197,"column":25},"end":{"line":197,"column":57}},{"start":{"line":197,"column":61},"end":{"line":197,"column":63}}]},"14":{"loc":{"start":{"line":198,"column":26},"end":{"line":198,"column":64}},"type":"binary-expr","locations":[{"start":{"line":198,"column":26},"end":{"line":198,"column":58}},{"start":{"line":198,"column":62},"end":{"line":198,"column":64}}]},"15":{"loc":{"start":{"line":200,"column":4},"end":{"line":206,"column":5}},"type":"if","locations":[{"start":{"line":200,"column":4},"end":{"line":206,"column":5}}]},"16":{"loc":{"start":{"line":203,"column":10},"end":{"line":204,"column":44}},"type":"binary-expr","locations":[{"start":{"line":203,"column":10},"end":{"line":203,"column":43}},{"start":{"line":204,"column":10},"end":{"line":204,"column":44}}]},"17":{"loc":{"start":{"line":230,"column":4},"end":{"line":230,"column":27}},"type":"if","locations":[{"start":{"line":230,"column":4},"end":{"line":230,"column":27}}]},"18":{"loc":{"start":{"line":231,"column":11},"end":{"line":231,"column":21}},"type":"binary-expr","locations":[{"start":{"line":231,"column":11},"end":{"line":231,"column":15}},{"start":{"line":231,"column":19},"end":{"line":231,"column":21}}]},"19":{"loc":{"start":{"line":243,"column":2},"end":{"line":243,"column":55}},"type":"if","locations":[{"start":{"line":243,"column":2},"end":{"line":243,"column":55}}]},"20":{"loc":{"start":{"line":245,"column":2},"end":{"line":245,"column":76}},"type":"if","locations":[{"start":{"line":245,"column":2},"end":{"line":245,"column":76}}]},"21":{"loc":{"start":{"line":246,"column":2},"end":{"line":252,"column":6}},"type":"if","locations":[{"start":{"line":246,"column":2},"end":{"line":252,"column":6}}]},"22":{"loc":{"start":{"line":254,"column":2},"end":{"line":259,"column":6}},"type":"if","locations":[{"start":{"line":254,"column":2},"end":{"line":259,"column":6}}]},"23":{"loc":{"start":{"line":260,"column":2},"end":{"line":261,"column":60}},"type":"if","locations":[{"start":{"line":260,"column":2},"end":{"line":261,"column":60}}]},"24":{"loc":{"start":{"line":264,"column":2},"end":{"line":276,"column":3}},"type":"if","locations":[{"start":{"line":264,"column":2},"end":{"line":276,"column":3}},{"start":{"line":272,"column":9},"end":{"line":276,"column":3}}]},"25":{"loc":{"start":{"line":265,"column":4},"end":{"line":266,"column":39}},"type":"binary-expr","locations":[{"start":{"line":265,"column":4},"end":{"line":265,"column":39}},{"start":{"line":266,"column":4},"end":{"line":266,"column":39}}]},"26":{"loc":{"start":{"line":269,"column":6},"end":{"line":271,"column":67}},"type":"cond-expr","locations":[{"start":{"line":270,"column":10},"end":{"line":270,"column":64}},{"start":{"line":271,"column":10},"end":{"line":271,"column":67}}]},"27":{"loc":{"start":{"line":269,"column":6},"end":{"line":269,"column":52}},"type":"binary-expr","locations":[{"start":{"line":269,"column":6},"end":{"line":269,"column":27}},{"start":{"line":269,"column":31},"end":{"line":269,"column":52}}]},"28":{"loc":{"start":{"line":271,"column":10},"end":{"line":271,"column":67}},"type":"binary-expr","locations":[{"start":{"line":271,"column":10},"end":{"line":271,"column":31}},{"start":{"line":271,"column":35},"end":{"line":271,"column":56}},{"start":{"line":271,"column":60},"end":{"line":271,"column":67}}]},"29":{"loc":{"start":{"line":272,"column":9},"end":{"line":276,"column":3}},"type":"if","locations":[{"start":{"line":272,"column":9},"end":{"line":276,"column":3}},{"start":{"line":274,"column":9},"end":{"line":276,"column":3}}]},"30":{"loc":{"start":{"line":274,"column":9},"end":{"line":276,"column":3}},"type":"if","locations":[{"start":{"line":274,"column":9},"end":{"line":276,"column":3}}]},"31":{"loc":{"start":{"line":275,"column":12},"end":{"line":275,"column":42}},"type":"binary-expr","locations":[{"start":{"line":275,"column":12},"end":{"line":275,"column":31}},{"start":{"line":275,"column":35},"end":{"line":275,"column":42}}]},"32":{"loc":{"start":{"line":279,"column":16},"end":{"line":279,"column":42}},"type":"binary-expr","locations":[{"start":{"line":279,"column":16},"end":{"line":279,"column":34}},{"start":{"line":279,"column":38},"end":{"line":279,"column":42}}]},"33":{"loc":{"start":{"line":280,"column":11},"end":{"line":280,"column":24}},"type":"binary-expr","locations":[{"start":{"line":280,"column":11},"end":{"line":280,"column":16}},{"start":{"line":280,"column":20},"end":{"line":280,"column":24}}]},"34":{"loc":{"start":{"line":281,"column":17},"end":{"line":281,"column":45}},"type":"binary-expr","locations":[{"start":{"line":281,"column":17},"end":{"line":281,"column":37}},{"start":{"line":281,"column":41},"end":{"line":281,"column":45}}]},"35":{"loc":{"start":{"line":282,"column":19},"end":{"line":282,"column":44}},"type":"binary-expr","locations":[{"start":{"line":282,"column":19},"end":{"line":282,"column":36}},{"start":{"line":282,"column":40},"end":{"line":282,"column":44}}]},"36":{"loc":{"start":{"line":283,"column":22},"end":{"line":283,"column":54}},"type":"binary-expr","locations":[{"start":{"line":283,"column":22},"end":{"line":283,"column":46}},{"start":{"line":283,"column":50},"end":{"line":283,"column":54}}]},"37":{"loc":{"start":{"line":284,"column":23},"end":{"line":284,"column":56}},"type":"binary-expr","locations":[{"start":{"line":284,"column":23},"end":{"line":284,"column":48}},{"start":{"line":284,"column":52},"end":{"line":284,"column":56}}]},"38":{"loc":{"start":{"line":285,"column":24},"end":{"line":285,"column":58}},"type":"binary-expr","locations":[{"start":{"line":285,"column":24},"end":{"line":285,"column":50}},{"start":{"line":285,"column":54},"end":{"line":285,"column":58}}]},"39":{"loc":{"start":{"line":286,"column":16},"end":{"line":286,"column":79}},"type":"cond-expr","locations":[{"start":{"line":286,"column":37},"end":{"line":286,"column":72}},{"start":{"line":286,"column":75},"end":{"line":286,"column":79}}]},"40":{"loc":{"start":{"line":287,"column":16},"end":{"line":287,"column":79}},"type":"cond-expr","locations":[{"start":{"line":287,"column":37},"end":{"line":287,"column":72}},{"start":{"line":287,"column":75},"end":{"line":287,"column":79}}]},"41":{"loc":{"start":{"line":288,"column":14},"end":{"line":288,"column":73}},"type":"cond-expr","locations":[{"start":{"line":288,"column":33},"end":{"line":288,"column":66}},{"start":{"line":288,"column":69},"end":{"line":288,"column":73}}]},"42":{"loc":{"start":{"line":289,"column":14},"end":{"line":289,"column":43}},"type":"binary-expr","locations":[{"start":{"line":289,"column":14},"end":{"line":289,"column":35}},{"start":{"line":289,"column":39},"end":{"line":289,"column":43}}]},"43":{"loc":{"start":{"line":290,"column":13},"end":{"line":290,"column":36}},"type":"binary-expr","locations":[{"start":{"line":290,"column":13},"end":{"line":290,"column":28}},{"start":{"line":290,"column":32},"end":{"line":290,"column":36}}]},"44":{"loc":{"start":{"line":291,"column":11},"end":{"line":291,"column":63}},"type":"cond-expr","locations":[{"start":{"line":291,"column":35},"end":{"line":291,"column":56}},{"start":{"line":291,"column":59},"end":{"line":291,"column":63}}]},"45":{"loc":{"start":{"line":296,"column":4},"end":{"line":298,"column":5}},"type":"if","locations":[{"start":{"line":296,"column":4},"end":{"line":298,"column":5}}]},"46":{"loc":{"start":{"line":296,"column":8},"end":{"line":296,"column":59}},"type":"binary-expr","locations":[{"start":{"line":296,"column":8},"end":{"line":296,"column":29}},{"start":{"line":296,"column":33},"end":{"line":296,"column":59}}]},"47":{"loc":{"start":{"line":335,"column":2},"end":{"line":338,"column":3}},"type":"if","locations":[{"start":{"line":335,"column":2},"end":{"line":338,"column":3}}]},"48":{"loc":{"start":{"line":340,"column":2},"end":{"line":343,"column":3}},"type":"if","locations":[{"start":{"line":340,"column":2},"end":{"line":343,"column":3}}]},"49":{"loc":{"start":{"line":345,"column":2},"end":{"line":348,"column":3}},"type":"if","locations":[{"start":{"line":345,"column":2},"end":{"line":348,"column":3}}]},"50":{"loc":{"start":{"line":350,"column":2},"end":{"line":353,"column":3}},"type":"if","locations":[{"start":{"line":350,"column":2},"end":{"line":353,"column":3}}]},"51":{"loc":{"start":{"line":355,"column":2},"end":{"line":358,"column":3}},"type":"if","locations":[{"start":{"line":355,"column":2},"end":{"line":358,"column":3}}]},"52":{"loc":{"start":{"line":395,"column":20},"end":{"line":395,"column":70}},"type":"binary-expr","locations":[{"start":{"line":395,"column":20},"end":{"line":395,"column":64}},{"start":{"line":395,"column":68},"end":{"line":395,"column":70}}]},"53":{"loc":{"start":{"line":396,"column":4},"end":{"line":396,"column":27}},"type":"if","locations":[{"start":{"line":396,"column":4},"end":{"line":396,"column":27}}]},"54":{"loc":{"start":{"line":443,"column":20},"end":{"line":443,"column":70}},"type":"binary-expr","locations":[{"start":{"line":443,"column":20},"end":{"line":443,"column":64}},{"start":{"line":443,"column":68},"end":{"line":443,"column":70}}]},"55":{"loc":{"start":{"line":445,"column":4},"end":{"line":445,"column":27}},"type":"if","locations":[{"start":{"line":445,"column":4},"end":{"line":445,"column":27}}]},"56":{"loc":{"start":{"line":447,"column":32},"end":{"line":447,"column":51}},"type":"binary-expr","locations":[{"start":{"line":447,"column":32},"end":{"line":447,"column":45}},{"start":{"line":447,"column":49},"end":{"line":447,"column":51}}]},"57":{"loc":{"start":{"line":466,"column":4},"end":{"line":468,"column":5}},"type":"if","locations":[{"start":{"line":466,"column":4},"end":{"line":468,"column":5}}]},"58":{"loc":{"start":{"line":490,"column":4},"end":{"line":490,"column":27}},"type":"if","locations":[{"start":{"line":490,"column":4},"end":{"line":490,"column":27}}]},"59":{"loc":{"start":{"line":492,"column":32},"end":{"line":492,"column":52}},"type":"binary-expr","locations":[{"start":{"line":492,"column":32},"end":{"line":492,"column":46}},{"start":{"line":492,"column":50},"end":{"line":492,"column":52}}]},"60":{"loc":{"start":{"line":508,"column":4},"end":{"line":510,"column":5}},"type":"if","locations":[{"start":{"line":508,"column":4},"end":{"line":510,"column":5}}]},"61":{"loc":{"start":{"line":533,"column":4},"end":{"line":533,"column":27}},"type":"if","locations":[{"start":{"line":533,"column":4},"end":{"line":533,"column":27}}]},"62":{"loc":{"start":{"line":535,"column":32},"end":{"line":535,"column":51}},"type":"binary-expr","locations":[{"start":{"line":535,"column":32},"end":{"line":535,"column":45}},{"start":{"line":535,"column":49},"end":{"line":535,"column":51}}]},"63":{"loc":{"start":{"line":556,"column":4},"end":{"line":556,"column":21}},"type":"default-arg","locations":[{"start":{"line":556,"column":19},"end":{"line":556,"column":21}}]},"64":{"loc":{"start":{"line":557,"column":4},"end":{"line":557,"column":23}},"type":"default-arg","locations":[{"start":{"line":557,"column":21},"end":{"line":557,"column":23}}]},"65":{"loc":{"start":{"line":560,"column":2},"end":{"line":568,"column":3}},"type":"if","locations":[{"start":{"line":560,"column":2},"end":{"line":568,"column":3}}]},"66":{"loc":{"start":{"line":567,"column":4},"end":{"line":567,"column":39}},"type":"if","locations":[{"start":{"line":567,"column":4},"end":{"line":567,"column":39}}]},"67":{"loc":{"start":{"line":570,"column":2},"end":{"line":584,"column":3}},"type":"if","locations":[{"start":{"line":570,"column":2},"end":{"line":584,"column":3}}]},"68":{"loc":{"start":{"line":583,"column":4},"end":{"line":583,"column":39}},"type":"if","locations":[{"start":{"line":583,"column":4},"end":{"line":583,"column":39}}]},"69":{"loc":{"start":{"line":632,"column":4},"end":{"line":632,"column":27}},"type":"if","locations":[{"start":{"line":632,"column":4},"end":{"line":632,"column":27}}]},"70":{"loc":{"start":{"line":633,"column":4},"end":{"line":633,"column":59}},"type":"if","locations":[{"start":{"line":633,"column":4},"end":{"line":633,"column":59}}]},"71":{"loc":{"start":{"line":652,"column":26},"end":{"line":652,"column":58}},"type":"binary-expr","locations":[{"start":{"line":652,"column":26},"end":{"line":652,"column":40}},{"start":{"line":652,"column":44},"end":{"line":652,"column":58}}]},"72":{"loc":{"start":{"line":660,"column":4},"end":{"line":660,"column":27}},"type":"if","locations":[{"start":{"line":660,"column":4},"end":{"line":660,"column":27}}]},"73":{"loc":{"start":{"line":661,"column":4},"end":{"line":661,"column":50}},"type":"if","locations":[{"start":{"line":661,"column":4},"end":{"line":661,"column":50}}]},"74":{"loc":{"start":{"line":688,"column":4},"end":{"line":690,"column":5}},"type":"if","locations":[{"start":{"line":688,"column":4},"end":{"line":690,"column":5}}]},"75":{"loc":{"start":{"line":721,"column":4},"end":{"line":723,"column":5}},"type":"if","locations":[{"start":{"line":721,"column":4},"end":{"line":723,"column":5}}]},"76":{"loc":{"start":{"line":756,"column":4},"end":{"line":756,"column":47}},"type":"if","locations":[{"start":{"line":756,"column":4},"end":{"line":756,"column":47}}]},"77":{"loc":{"start":{"line":775,"column":4},"end":{"line":775,"column":43}},"type":"if","locations":[{"start":{"line":775,"column":4},"end":{"line":775,"column":43}}]},"78":{"loc":{"start":{"line":779,"column":19},"end":{"line":779,"column":39}},"type":"binary-expr","locations":[{"start":{"line":779,"column":19},"end":{"line":779,"column":33}},{"start":{"line":779,"column":37},"end":{"line":779,"column":39}}]},"79":{"loc":{"start":{"line":800,"column":4},"end":{"line":802,"column":5}},"type":"if","locations":[{"start":{"line":800,"column":4},"end":{"line":802,"column":5}}]},"80":{"loc":{"start":{"line":809,"column":4},"end":{"line":809,"column":41}},"type":"if","locations":[{"start":{"line":809,"column":4},"end":{"line":809,"column":41}}]},"81":{"loc":{"start":{"line":811,"column":23},"end":{"line":811,"column":64}},"type":"binary-expr","locations":[{"start":{"line":811,"column":23},"end":{"line":811,"column":58}},{"start":{"line":811,"column":62},"end":{"line":811,"column":64}}]},"82":{"loc":{"start":{"line":814,"column":4},"end":{"line":823,"column":5}},"type":"if","locations":[{"start":{"line":814,"column":4},"end":{"line":823,"column":5}}]},"83":{"loc":{"start":{"line":814,"column":8},"end":{"line":814,"column":47}},"type":"binary-expr","locations":[{"start":{"line":814,"column":8},"end":{"line":814,"column":20}},{"start":{"line":814,"column":24},"end":{"line":814,"column":47}}]},"84":{"loc":{"start":{"line":821,"column":6},"end":{"line":821,"column":41}},"type":"if","locations":[{"start":{"line":821,"column":6},"end":{"line":821,"column":41}}]},"85":{"loc":{"start":{"line":822,"column":21},"end":{"line":822,"column":31}},"type":"binary-expr","locations":[{"start":{"line":822,"column":21},"end":{"line":822,"column":26}},{"start":{"line":822,"column":30},"end":{"line":822,"column":31}}]},"86":{"loc":{"start":{"line":827,"column":4},"end":{"line":849,"column":5}},"type":"if","locations":[{"start":{"line":827,"column":4},"end":{"line":849,"column":5}}]},"87":{"loc":{"start":{"line":827,"column":8},"end":{"line":827,"column":41}},"type":"binary-expr","locations":[{"start":{"line":827,"column":8},"end":{"line":827,"column":17}},{"start":{"line":827,"column":21},"end":{"line":827,"column":41}}]},"88":{"loc":{"start":{"line":829,"column":6},"end":{"line":848,"column":7}},"type":"if","locations":[{"start":{"line":829,"column":6},"end":{"line":848,"column":7}}]},"89":{"loc":{"start":{"line":845,"column":8},"end":{"line":845,"column":43}},"type":"if","locations":[{"start":{"line":845,"column":8},"end":{"line":845,"column":43}}]},"90":{"loc":{"start":{"line":856,"column":4},"end":{"line":856,"column":37}},"type":"if","locations":[{"start":{"line":856,"column":4},"end":{"line":856,"column":37}}]},"91":{"loc":{"start":{"line":858,"column":23},"end":{"line":858,"column":48}},"type":"binary-expr","locations":[{"start":{"line":858,"column":23},"end":{"line":858,"column":43}},{"start":{"line":858,"column":47},"end":{"line":858,"column":48}}]},"92":{"loc":{"start":{"line":860,"column":22},"end":{"line":860,"column":56}},"type":"binary-expr","locations":[{"start":{"line":860,"column":22},"end":{"line":860,"column":36}},{"start":{"line":860,"column":40},"end":{"line":860,"column":56}}]},"93":{"loc":{"start":{"line":864,"column":15},"end":{"line":864,"column":50}},"type":"cond-expr","locations":[{"start":{"line":864,"column":27},"end":{"line":864,"column":36}},{"start":{"line":864,"column":39},"end":{"line":864,"column":50}}]},"94":{"loc":{"start":{"line":870,"column":15},"end":{"line":872,"column":33}},"type":"cond-expr","locations":[{"start":{"line":871,"column":10},"end":{"line":871,"column":98}},{"start":{"line":872,"column":10},"end":{"line":872,"column":33}}]},"95":{"loc":{"start":{"line":899,"column":2},"end":{"line":902,"column":3}},"type":"if","locations":[{"start":{"line":899,"column":2},"end":{"line":902,"column":3}}]},"96":{"loc":{"start":{"line":913,"column":4},"end":{"line":913,"column":79}},"type":"if","locations":[{"start":{"line":913,"column":4},"end":{"line":913,"column":79}}]},"97":{"loc":{"start":{"line":920,"column":4},"end":{"line":923,"column":5}},"type":"if","locations":[{"start":{"line":920,"column":4},"end":{"line":923,"column":5}}]}},"s":{"0":17,"1":17,"2":17,"3":17,"4":17,"5":17,"6":17,"7":17,"8":17,"9":17,"10":13,"11":13,"12":4,"13":2,"14":3,"15":2,"16":2,"17":0,"18":2,"19":3,"20":2,"21":2,"22":1,"23":4,"24":1,"25":2,"26":1,"27":1,"28":0,"29":1,"30":2,"31":1,"32":1,"33":0,"34":4,"35":4,"36":13,"37":13,"38":17,"39":10,"40":10,"41":10,"42":10,"43":4,"44":4,"45":6,"46":6,"47":6,"48":2,"49":2,"50":4,"51":0,"52":0,"53":4,"54":8,"55":4,"56":4,"57":4,"58":3,"59":8,"60":4,"61":6,"62":6,"63":17,"64":17,"65":6,"66":6,"67":6,"68":6,"69":2,"70":4,"71":2,"72":2,"73":17,"74":17,"75":20,"76":20,"77":2,"78":18,"79":18,"80":0,"81":18,"82":0,"83":18,"84":0,"85":18,"86":0,"87":18,"88":18,"89":16,"90":2,"91":1,"92":1,"93":1,"94":18,"95":18,"96":252,"97":81,"98":18,"99":18,"100":18,"101":18,"102":18,"103":5,"104":18,"105":18,"106":18,"107":2,"108":2,"109":16,"110":1,"111":1,"112":15,"113":7,"114":7,"115":8,"116":0,"117":0,"118":8,"119":0,"120":0,"121":8,"122":17,"123":17,"124":10,"125":10,"126":10,"127":10,"128":10,"129":3,"130":10,"131":2,"132":8,"133":12,"134":8,"135":2,"136":2,"137":17,"138":17,"139":11,"140":11,"141":11,"142":11,"143":3,"144":11,"145":2,"146":9,"147":14,"148":9,"149":2,"150":2,"151":17,"152":17,"153":8,"154":8,"155":1,"156":7,"157":7,"158":2,"159":5,"160":6,"161":5,"162":2,"163":2,"164":17,"165":17,"166":9,"167":9,"168":1,"169":8,"170":8,"171":2,"172":6,"173":8,"174":6,"175":2,"176":2,"177":17,"178":17,"179":13,"180":13,"181":4,"182":4,"183":2,"184":11,"185":9,"186":10,"187":9,"188":9,"189":7,"190":4,"191":17,"192":17,"193":6,"194":6,"195":6,"196":4,"197":2,"198":0,"199":2,"200":4,"201":4,"202":17,"203":17,"204":14,"205":14,"206":14,"207":14,"208":8,"209":6,"210":0,"211":6,"212":8,"213":8,"214":17,"215":17,"216":12,"217":12,"218":12,"219":12,"220":12,"221":5,"222":7,"223":5,"224":5,"225":17,"226":17,"227":8,"228":8,"229":8,"230":8,"231":3,"232":5,"233":3,"234":3,"235":17,"236":17,"237":10,"238":10,"239":10,"240":2,"241":8,"242":8,"243":5,"244":3,"245":7,"246":7,"247":17,"248":17,"249":16,"250":16,"251":16,"252":2,"253":14,"254":11,"255":1,"256":10,"257":18,"258":10,"259":10,"260":4,"261":4,"262":1,"263":3,"264":9,"265":9,"266":9,"267":6,"268":6,"269":6,"270":5,"271":5,"272":5,"273":5,"274":2,"275":3,"276":3,"277":7,"278":7,"279":0,"280":7,"281":7,"282":7,"283":9,"284":9,"285":17,"286":17,"287":13,"288":13,"289":13,"290":10,"291":3,"292":3,"293":7,"294":7,"295":17,"296":17,"297":6,"298":6,"299":6,"300":2,"301":4,"302":4,"303":1,"304":1,"305":3,"306":3,"307":3,"308":17},"f":{"0":17,"1":3,"2":3,"3":2,"4":2,"5":10,"6":8,"7":4,"8":8,"9":6,"10":20,"11":252,"12":5,"13":10,"14":3,"15":12,"16":11,"17":3,"18":14,"19":8,"20":6,"21":9,"22":8,"23":13,"24":10,"25":6,"26":14,"27":12,"28":8,"29":10,"30":16,"31":18,"32":6,"33":5,"34":13,"35":6},"b":{"0":[13],"1":[2],"2":[4,2],"3":[3,3],"4":[0],"5":[1],"6":[1],"7":[4,1],"8":[0],"9":[0],"10":[4],"11":[2],"12":[0],"13":[4,0],"14":[4,0],"15":[3],"16":[8,2],"17":[2],"18":[4,0],"19":[2],"20":[0],"21":[0],"22":[0],"23":[0],"24":[16,2],"25":[18,3],"26":[11,5],"27":[16,12],"28":[5,5,4],"29":[1,1],"30":[1],"31":[1,0],"32":[18,0],"33":[18,0],"34":[18,5],"35":[18,4],"36":[18,5],"37":[18,18],"38":[18,18],"39":[15,3],"40":[15,3],"41":[15,3],"42":[18,4],"43":[18,0],"44":[0,18],"45":[81],"46":[252,171],"47":[2],"48":[1],"49":[7],"50":[0],"51":[0],"52":[10,3],"53":[2],"54":[11,3],"55":[2],"56":[9,0],"57":[1],"58":[2],"59":[5,0],"60":[1],"61":[2],"62":[6,0],"63":[0],"64":[0],"65":[4],"66":[2],"67":[9],"68":[7],"69":[4],"70":[0],"71":[14,2],"72":[8],"73":[0],"74":[5],"75":[3],"76":[2],"77":[5],"78":[3,0],"79":[2],"80":[1],"81":[10,0],"82":[4],"83":[10,9],"84":[1],"85":[3,0],"86":[6],"87":[9,9],"88":[5],"89":[2],"90":[0],"91":[7,0],"92":[7,4],"93":[4,3],"94":[4,3],"95":[3],"96":[2],"97":[1]}}
}
