TN:
SF:features\event\api\event.ts
FN:35,createEvent
FN:74,(anonymous_1)
FN:94,(anonymous_2)
FN:115,(anonymous_3)
FN:131,(anonymous_4)
FN:162,(anonymous_5)
FN:197,(anonymous_6)
FN:198,(anonymous_7)
FN:202,(anonymous_8)
FN:215,(anonymous_9)
FN:239,(anonymous_10)
FN:295,(anonymous_11)
FN:317,(anonymous_12)
FN:364,(anonymous_13)
FN:395,(anonymous_14)
FN:398,(anonymous_15)
FN:411,(anonymous_16)
FN:443,(anonymous_17)
FN:447,(anonymous_18)
FN:462,(anonymous_19)
FN:492,(anonymous_20)
FN:504,(anonymous_21)
FN:535,(anonymous_22)
FN:551,(anonymous_23)
FN:571,(anonymous_24)
FN:590,(anonymous_25)
FN:645,(anonymous_26)
FN:671,(anonymous_27)
FN:699,(anonymous_28)
FN:734,(anonymous_29)
FN:789,(anonymous_30)
FN:811,(anonymous_31)
FN:828,(anonymous_32)
FN:830,(anonymous_33)
FN:887,(anonymous_34)
FN:908,(anonymous_35)
FNF:36
FNH:24
FNDA:133,createEvent
FNDA:8,(anonymous_1)
FNDA:8,(anonymous_2)
FNDA:2,(anonymous_3)
FNDA:2,(anonymous_4)
FNDA:11,(anonymous_5)
FNDA:78,(anonymous_6)
FNDA:6,(anonymous_7)
FNDA:2,(anonymous_8)
FNDA:10,(anonymous_9)
FNDA:30,(anonymous_10)
FNDA:392,(anonymous_11)
FNDA:4,(anonymous_12)
FNDA:0,(anonymous_13)
FNDA:0,(anonymous_14)
FNDA:0,(anonymous_15)
FNDA:0,(anonymous_16)
FNDA:0,(anonymous_17)
FNDA:0,(anonymous_18)
FNDA:0,(anonymous_19)
FNDA:0,(anonymous_20)
FNDA:0,(anonymous_21)
FNDA:0,(anonymous_22)
FNDA:12,(anonymous_23)
FNDA:12,(anonymous_24)
FNDA:13,(anonymous_25)
FNDA:13,(anonymous_26)
FNDA:12,(anonymous_27)
FNDA:15,(anonymous_28)
FNDA:18,(anonymous_29)
FNDA:10,(anonymous_30)
FNDA:3,(anonymous_31)
FNDA:5,(anonymous_32)
FNDA:4,(anonymous_33)
FNDA:0,(anonymous_34)
FNDA:0,(anonymous_35)
DA:1,11
DA:2,11
DA:4,11
DA:5,11
DA:28,11
DA:35,11
DA:36,133
DA:37,133
DA:44,133
DA:68,133
DA:69,7
DA:70,7
DA:73,126
DA:74,8
DA:83,3
DA:87,3
DA:88,0
DA:94,8
DA:102,3
DA:106,3
DA:107,0
DA:114,126
DA:115,2
DA:123,2
DA:127,2
DA:128,0
DA:131,2
DA:139,2
DA:143,2
DA:144,0
DA:151,126
DA:154,126
DA:156,7
DA:157,7
DA:162,11
DA:165,11
DA:166,11
DA:167,11
DA:174,11
DA:175,3
DA:176,3
DA:179,8
DA:184,8
DA:189,8
DA:190,1
DA:191,1
DA:193,7
DA:194,0
DA:195,0
DA:197,78
DA:198,7
DA:200,7
DA:201,1
DA:203,2
DA:207,7
DA:209,4
DA:210,4
DA:215,11
DA:216,10
DA:217,10
DA:218,10
DA:230,10
DA:231,8
DA:233,2
DA:234,2
DA:239,11
DA:242,30
DA:243,30
DA:244,28
DA:245,28
DA:246,28
DA:247,1
DA:254,28
DA:255,1
DA:260,28
DA:261,1
DA:263,28
DA:264,28
DA:268,4
DA:272,24
DA:273,20
DA:274,4
DA:275,3
DA:278,28
DA:295,28
DA:296,392
DA:297,233
DA:301,28
DA:308,28
DA:310,28
DA:315,28
DA:317,28
DA:325,28
DA:329,28
DA:335,28
DA:336,3
DA:337,3
DA:340,25
DA:341,0
DA:342,0
DA:345,25
DA:346,8
DA:347,8
DA:350,17
DA:351,0
DA:352,0
DA:355,17
DA:356,0
DA:357,0
DA:360,17
DA:364,11
DA:367,0
DA:368,0
DA:369,0
DA:390,0
DA:395,0
DA:396,0
DA:398,0
DA:403,0
DA:405,0
DA:406,0
DA:411,11
DA:415,0
DA:416,0
DA:438,0
DA:443,0
DA:445,0
DA:447,0
DA:452,0
DA:457,0
DA:458,0
DA:462,11
DA:465,0
DA:466,0
DA:467,0
DA:469,0
DA:490,0
DA:492,0
DA:497,0
DA:499,0
DA:500,0
DA:504,11
DA:507,0
DA:508,0
DA:509,0
DA:511,0
DA:533,0
DA:535,0
DA:540,0
DA:545,0
DA:546,0
DA:551,11
DA:558,12
DA:560,12
DA:561,2
DA:567,2
DA:570,12
DA:571,12
DA:579,10
DA:583,10
DA:586,5
DA:590,11
DA:593,13
DA:594,13
DA:632,13
DA:633,10
DA:635,10
DA:639,3
DA:640,3
DA:645,11
DA:646,13
DA:647,13
DA:648,13
DA:660,13
DA:661,8
DA:663,8
DA:665,5
DA:666,5
DA:671,11
DA:674,12
DA:675,12
DA:676,12
DA:678,12
DA:688,12
DA:689,4
DA:691,8
DA:693,4
DA:694,4
DA:699,11
DA:702,15
DA:703,15
DA:705,15
DA:721,15
DA:722,4
DA:725,11
DA:727,4
DA:728,4
DA:734,11
DA:738,18
DA:739,18
DA:756,18
DA:758,15
DA:775,15
DA:778,9
DA:783,9
DA:784,9
DA:789,11
DA:790,10
DA:799,10
DA:800,10
DA:801,2
DA:804,8
DA:809,8
DA:811,8
DA:813,8
DA:814,8
DA:815,2
DA:821,2
DA:822,2
DA:825,8
DA:826,8
DA:827,8
DA:828,5
DA:829,5
DA:830,4
DA:840,4
DA:845,4
DA:846,2
DA:847,2
DA:851,6
DA:856,6
DA:858,6
DA:860,6
DA:862,6
DA:876,4
DA:877,4
DA:887,11
DA:890,0
DA:891,0
DA:893,0
DA:899,0
DA:900,0
DA:901,0
DA:903,0
DA:904,0
DA:908,11
DA:911,0
DA:912,0
DA:913,0
DA:915,0
DA:920,0
DA:921,0
DA:922,0
DA:924,0
DA:926,0
DA:927,0
LF:256
LH:189
BRDA:68,0,0,7
BRDA:73,1,0,3
BRDA:73,2,0,126
BRDA:73,2,1,3
BRDA:80,3,0,8
BRDA:80,3,1,8
BRDA:87,4,0,0
BRDA:106,5,0,0
BRDA:114,6,0,2
BRDA:114,7,0,126
BRDA:114,7,1,2
BRDA:127,8,0,0
BRDA:143,9,0,0
BRDA:174,10,0,3
BRDA:189,11,0,1
BRDA:193,12,0,0
BRDA:197,13,0,7
BRDA:197,13,1,0
BRDA:198,14,0,7
BRDA:198,14,1,0
BRDA:200,15,0,1
BRDA:203,16,0,2
BRDA:203,16,1,0
BRDA:230,17,0,2
BRDA:231,18,0,8
BRDA:231,18,1,0
BRDA:243,19,0,2
BRDA:245,20,0,1
BRDA:246,21,0,1
BRDA:254,22,0,1
BRDA:260,23,0,1
BRDA:264,24,0,4
BRDA:264,24,1,24
BRDA:265,25,0,28
BRDA:265,25,1,25
BRDA:269,26,0,3
BRDA:269,26,1,1
BRDA:269,27,0,4
BRDA:269,27,1,3
BRDA:271,28,0,1
BRDA:271,28,1,0
BRDA:271,28,2,0
BRDA:272,29,0,20
BRDA:272,29,1,4
BRDA:274,30,0,3
BRDA:275,31,0,3
BRDA:275,31,1,1
BRDA:279,32,0,28
BRDA:279,32,1,0
BRDA:280,33,0,28
BRDA:280,33,1,1
BRDA:281,34,0,28
BRDA:281,34,1,27
BRDA:282,35,0,28
BRDA:282,35,1,26
BRDA:283,36,0,28
BRDA:283,36,1,26
BRDA:284,37,0,28
BRDA:284,37,1,27
BRDA:285,38,0,28
BRDA:285,38,1,27
BRDA:286,39,0,27
BRDA:286,39,1,1
BRDA:287,40,0,6
BRDA:287,40,1,22
BRDA:288,41,0,4
BRDA:288,41,1,24
BRDA:289,42,0,28
BRDA:289,42,1,25
BRDA:290,43,0,28
BRDA:290,43,1,0
BRDA:291,44,0,1
BRDA:291,44,1,27
BRDA:296,45,0,233
BRDA:296,46,0,392
BRDA:296,46,1,159
BRDA:335,47,0,3
BRDA:340,48,0,0
BRDA:345,49,0,8
BRDA:350,50,0,0
BRDA:355,51,0,0
BRDA:395,52,0,0
BRDA:395,52,1,0
BRDA:396,53,0,0
BRDA:443,54,0,0
BRDA:443,54,1,0
BRDA:445,55,0,0
BRDA:447,56,0,0
BRDA:447,56,1,0
BRDA:466,57,0,0
BRDA:490,58,0,0
BRDA:492,59,0,0
BRDA:492,59,1,0
BRDA:508,60,0,0
BRDA:533,61,0,0
BRDA:535,62,0,0
BRDA:535,62,1,0
BRDA:556,63,0,0
BRDA:557,64,0,0
BRDA:560,65,0,2
BRDA:567,66,0,0
BRDA:570,67,0,10
BRDA:583,68,0,7
BRDA:632,69,0,3
BRDA:633,70,0,0
BRDA:652,71,0,13
BRDA:652,71,1,2
BRDA:660,72,0,5
BRDA:661,73,0,0
BRDA:688,74,0,4
BRDA:721,75,0,4
BRDA:756,76,0,3
BRDA:775,77,0,6
BRDA:779,78,0,9
BRDA:779,78,1,0
BRDA:800,79,0,2
BRDA:809,80,0,0
BRDA:811,81,0,8
BRDA:811,81,1,0
BRDA:814,82,0,2
BRDA:814,83,0,8
BRDA:814,83,1,3
BRDA:821,84,0,0
BRDA:822,85,0,2
BRDA:822,85,1,0
BRDA:827,86,0,5
BRDA:827,87,0,8
BRDA:827,87,1,8
BRDA:829,88,0,4
BRDA:845,89,0,2
BRDA:856,90,0,0
BRDA:858,91,0,6
BRDA:858,91,1,3
BRDA:860,92,0,6
BRDA:860,92,1,4
BRDA:864,93,0,3
BRDA:864,93,1,3
BRDA:870,94,0,3
BRDA:870,94,1,3
BRDA:899,95,0,0
BRDA:913,96,0,0
BRDA:920,97,0,0
BRF:142
BRH:96
end_of_record
