TN:
SF:features\event\api\event.ts
FN:35,createEvent
FN:74,(anonymous_1)
FN:94,(anonymous_2)
FN:115,(anonymous_3)
FN:131,(anonymous_4)
FN:162,(anonymous_5)
FN:197,(anonymous_6)
FN:198,(anonymous_7)
FN:202,(anonymous_8)
FN:215,(anonymous_9)
FN:239,(anonymous_10)
FN:295,(anonymous_11)
FN:317,(anonymous_12)
FN:364,(anonymous_13)
FN:395,(anonymous_14)
FN:398,(anonymous_15)
FN:411,(anonymous_16)
FN:443,(anonymous_17)
FN:447,(anonymous_18)
FN:462,(anonymous_19)
FN:492,(anonymous_20)
FN:504,(anonymous_21)
FN:535,(anonymous_22)
FN:551,(anonymous_23)
FN:571,(anonymous_24)
FN:590,(anonymous_25)
FN:645,(anonymous_26)
FN:671,(anonymous_27)
FN:699,(anonymous_28)
FN:734,(anonymous_29)
FN:789,(anonymous_30)
FN:811,(anonymous_31)
FN:828,(anonymous_32)
FN:830,(anonymous_33)
FN:887,(anonymous_34)
FN:908,(anonymous_35)
FNF:36
FNH:36
FNDA:17,createEvent
FNDA:3,(anonymous_1)
FNDA:3,(anonymous_2)
FNDA:2,(anonymous_3)
FNDA:2,(anonymous_4)
FNDA:10,(anonymous_5)
FNDA:8,(anonymous_6)
FNDA:4,(anonymous_7)
FNDA:8,(anonymous_8)
FNDA:6,(anonymous_9)
FNDA:20,(anonymous_10)
FNDA:252,(anonymous_11)
FNDA:5,(anonymous_12)
FNDA:10,(anonymous_13)
FNDA:3,(anonymous_14)
FNDA:12,(anonymous_15)
FNDA:11,(anonymous_16)
FNDA:3,(anonymous_17)
FNDA:14,(anonymous_18)
FNDA:8,(anonymous_19)
FNDA:6,(anonymous_20)
FNDA:9,(anonymous_21)
FNDA:8,(anonymous_22)
FNDA:13,(anonymous_23)
FNDA:10,(anonymous_24)
FNDA:6,(anonymous_25)
FNDA:14,(anonymous_26)
FNDA:12,(anonymous_27)
FNDA:8,(anonymous_28)
FNDA:10,(anonymous_29)
FNDA:16,(anonymous_30)
FNDA:18,(anonymous_31)
FNDA:6,(anonymous_32)
FNDA:5,(anonymous_33)
FNDA:13,(anonymous_34)
FNDA:6,(anonymous_35)
DA:1,17
DA:2,17
DA:4,17
DA:5,17
DA:28,17
DA:35,17
DA:36,17
DA:37,17
DA:44,17
DA:68,17
DA:69,13
DA:70,13
DA:73,4
DA:74,3
DA:83,2
DA:87,2
DA:88,0
DA:94,3
DA:102,2
DA:106,2
DA:107,1
DA:114,4
DA:115,2
DA:123,1
DA:127,1
DA:128,0
DA:131,2
DA:139,1
DA:143,1
DA:144,0
DA:151,4
DA:154,4
DA:156,13
DA:157,13
DA:162,17
DA:165,10
DA:166,10
DA:167,10
DA:174,10
DA:175,4
DA:176,4
DA:179,6
DA:184,6
DA:189,6
DA:190,2
DA:191,2
DA:193,4
DA:194,0
DA:195,0
DA:197,8
DA:198,4
DA:200,4
DA:201,3
DA:203,8
DA:207,4
DA:209,6
DA:210,6
DA:215,17
DA:216,6
DA:217,6
DA:218,6
DA:230,6
DA:231,4
DA:233,2
DA:234,2
DA:239,17
DA:242,20
DA:243,20
DA:244,18
DA:245,18
DA:246,18
DA:247,0
DA:254,18
DA:255,0
DA:260,18
DA:261,0
DA:263,18
DA:264,18
DA:268,16
DA:272,2
DA:273,1
DA:274,1
DA:275,1
DA:278,18
DA:295,18
DA:296,252
DA:297,81
DA:301,18
DA:308,18
DA:310,18
DA:315,18
DA:317,18
DA:325,18
DA:329,18
DA:335,18
DA:336,2
DA:337,2
DA:340,16
DA:341,1
DA:342,1
DA:345,15
DA:346,7
DA:347,7
DA:350,8
DA:351,0
DA:352,0
DA:355,8
DA:356,0
DA:357,0
DA:360,8
DA:364,17
DA:367,10
DA:368,10
DA:369,10
DA:390,10
DA:395,10
DA:396,10
DA:398,12
DA:403,8
DA:405,2
DA:406,2
DA:411,17
DA:415,11
DA:416,11
DA:438,11
DA:443,11
DA:445,11
DA:447,14
DA:452,9
DA:457,2
DA:458,2
DA:462,17
DA:465,8
DA:466,8
DA:467,1
DA:469,7
DA:490,7
DA:492,6
DA:497,5
DA:499,2
DA:500,2
DA:504,17
DA:507,9
DA:508,9
DA:509,1
DA:511,8
DA:533,8
DA:535,8
DA:540,6
DA:545,2
DA:546,2
DA:551,17
DA:558,13
DA:560,13
DA:561,4
DA:567,4
DA:570,11
DA:571,10
DA:579,9
DA:583,9
DA:586,4
DA:590,17
DA:593,6
DA:594,6
DA:632,6
DA:633,2
DA:635,2
DA:639,4
DA:640,4
DA:645,17
DA:646,14
DA:647,14
DA:648,14
DA:660,14
DA:661,6
DA:663,6
DA:665,8
DA:666,8
DA:671,17
DA:674,12
DA:675,12
DA:676,12
DA:678,12
DA:688,12
DA:689,5
DA:691,7
DA:693,5
DA:694,5
DA:699,17
DA:702,8
DA:703,8
DA:705,8
DA:721,8
DA:722,3
DA:725,5
DA:727,3
DA:728,3
DA:734,17
DA:738,10
DA:739,10
DA:756,10
DA:758,8
DA:775,8
DA:778,3
DA:783,7
DA:784,7
DA:789,17
DA:790,16
DA:799,16
DA:800,16
DA:801,2
DA:804,14
DA:809,11
DA:811,18
DA:813,10
DA:814,10
DA:815,4
DA:821,4
DA:822,3
DA:825,9
DA:826,9
DA:827,9
DA:828,6
DA:829,6
DA:830,5
DA:840,5
DA:845,5
DA:846,3
DA:847,3
DA:851,7
DA:856,7
DA:858,7
DA:860,7
DA:862,7
DA:876,9
DA:877,9
DA:887,17
DA:890,13
DA:891,13
DA:893,13
DA:899,10
DA:900,3
DA:901,3
DA:903,7
DA:904,7
DA:908,17
DA:911,6
DA:912,6
DA:913,6
DA:915,4
DA:920,4
DA:921,1
DA:922,1
DA:924,3
DA:926,3
DA:927,3
LF:256
LH:244
BRDA:68,0,0,13
BRDA:73,1,0,2
BRDA:73,2,0,4
BRDA:73,2,1,2
BRDA:80,3,0,3
BRDA:80,3,1,3
BRDA:87,4,0,0
BRDA:106,5,0,1
BRDA:114,6,0,1
BRDA:114,7,0,4
BRDA:114,7,1,1
BRDA:127,8,0,0
BRDA:143,9,0,0
BRDA:174,10,0,4
BRDA:189,11,0,2
BRDA:193,12,0,0
BRDA:197,13,0,4
BRDA:197,13,1,0
BRDA:198,14,0,4
BRDA:198,14,1,0
BRDA:200,15,0,3
BRDA:203,16,0,8
BRDA:203,16,1,2
BRDA:230,17,0,2
BRDA:231,18,0,4
BRDA:231,18,1,0
BRDA:243,19,0,2
BRDA:245,20,0,0
BRDA:246,21,0,0
BRDA:254,22,0,0
BRDA:260,23,0,0
BRDA:264,24,0,16
BRDA:264,24,1,2
BRDA:265,25,0,18
BRDA:265,25,1,3
BRDA:269,26,0,11
BRDA:269,26,1,5
BRDA:269,27,0,16
BRDA:269,27,1,12
BRDA:271,28,0,5
BRDA:271,28,1,5
BRDA:271,28,2,4
BRDA:272,29,0,1
BRDA:272,29,1,1
BRDA:274,30,0,1
BRDA:275,31,0,1
BRDA:275,31,1,0
BRDA:279,32,0,18
BRDA:279,32,1,0
BRDA:280,33,0,18
BRDA:280,33,1,0
BRDA:281,34,0,18
BRDA:281,34,1,5
BRDA:282,35,0,18
BRDA:282,35,1,4
BRDA:283,36,0,18
BRDA:283,36,1,5
BRDA:284,37,0,18
BRDA:284,37,1,18
BRDA:285,38,0,18
BRDA:285,38,1,18
BRDA:286,39,0,15
BRDA:286,39,1,3
BRDA:287,40,0,15
BRDA:287,40,1,3
BRDA:288,41,0,15
BRDA:288,41,1,3
BRDA:289,42,0,18
BRDA:289,42,1,4
BRDA:290,43,0,18
BRDA:290,43,1,0
BRDA:291,44,0,0
BRDA:291,44,1,18
BRDA:296,45,0,81
BRDA:296,46,0,252
BRDA:296,46,1,171
BRDA:335,47,0,2
BRDA:340,48,0,1
BRDA:345,49,0,7
BRDA:350,50,0,0
BRDA:355,51,0,0
BRDA:395,52,0,10
BRDA:395,52,1,3
BRDA:396,53,0,2
BRDA:443,54,0,11
BRDA:443,54,1,3
BRDA:445,55,0,2
BRDA:447,56,0,9
BRDA:447,56,1,0
BRDA:466,57,0,1
BRDA:490,58,0,2
BRDA:492,59,0,5
BRDA:492,59,1,0
BRDA:508,60,0,1
BRDA:533,61,0,2
BRDA:535,62,0,6
BRDA:535,62,1,0
BRDA:556,63,0,0
BRDA:557,64,0,0
BRDA:560,65,0,4
BRDA:567,66,0,2
BRDA:570,67,0,9
BRDA:583,68,0,7
BRDA:632,69,0,4
BRDA:633,70,0,0
BRDA:652,71,0,14
BRDA:652,71,1,2
BRDA:660,72,0,8
BRDA:661,73,0,0
BRDA:688,74,0,5
BRDA:721,75,0,3
BRDA:756,76,0,2
BRDA:775,77,0,5
BRDA:779,78,0,3
BRDA:779,78,1,0
BRDA:800,79,0,2
BRDA:809,80,0,1
BRDA:811,81,0,10
BRDA:811,81,1,0
BRDA:814,82,0,4
BRDA:814,83,0,10
BRDA:814,83,1,9
BRDA:821,84,0,1
BRDA:822,85,0,3
BRDA:822,85,1,0
BRDA:827,86,0,6
BRDA:827,87,0,9
BRDA:827,87,1,9
BRDA:829,88,0,5
BRDA:845,89,0,2
BRDA:856,90,0,0
BRDA:858,91,0,7
BRDA:858,91,1,0
BRDA:860,92,0,7
BRDA:860,92,1,4
BRDA:864,93,0,4
BRDA:864,93,1,3
BRDA:870,94,0,4
BRDA:870,94,1,3
BRDA:899,95,0,3
BRDA:913,96,0,2
BRDA:920,97,0,1
BRF:142
BRH:112
end_of_record
